E:\code_decodec\coding_decoding_pure\coding_decoding_pure\Debug\cl.command.1.tlog
E:\code_decodec\coding_decoding_pure\coding_decoding_pure\Debug\CL.read.1.tlog
E:\code_decodec\coding_decoding_pure\coding_decoding_pure\Debug\CL.write.1.tlog
E:\CODE_DECODEC\CODING_DECODING_PURE\CODING_DECODING_PURE\DEBUG\CODING_DECODING_PURE.EXE.EMBED.MANIFEST
E:\CODE_DECODEC\CODING_DECODING_PURE\CODING_DECODING_PURE\DEBUG\CODING_DECODING_PURE.EXE.EMBED.MANIFEST.RES
E:\CODE_DECODEC\CODING_DECODING_PURE\CODING_DECODING_PURE\DEBUG\CODING_DECODING_PURE.EXE.INTERMEDIATE.MANIFEST
E:\CODE_DECODEC\CODING_DECODING_PURE\CODING_DECODING_PURE\DEBUG\CODING_DECODING_PURE.OBJ
E:\CODE_DECODEC\CODING_DECODING_PURE\CODING_DECODING_PURE\DEBUG\CODING_DECODING_PURE.PCH
E:\code_decodec\coding_decoding_pure\coding_decoding_pure\Debug\coding_decoding_pure.vcxprojResolveAssemblyReference.cache
E:\code_decodec\coding_decoding_pure\coding_decoding_pure\Debug\coding_decoding_pure.write.1.tlog
E:\code_decodec\coding_decoding_pure\coding_decoding_pure\Debug\coding_decoding_pure_manifest.rc
E:\code_decodec\coding_decoding_pure\coding_decoding_pure\Debug\link.12548.read.1.tlog
E:\code_decodec\coding_decoding_pure\coding_decoding_pure\Debug\link.12548.write.1.tlog
E:\code_decodec\coding_decoding_pure\coding_decoding_pure\Debug\link.12548-cvtres.read.1.tlog
E:\code_decodec\coding_decoding_pure\coding_decoding_pure\Debug\link.12548-cvtres.write.1.tlog
E:\code_decodec\coding_decoding_pure\coding_decoding_pure\Debug\link.15448.read.1.tlog
E:\code_decodec\coding_decoding_pure\coding_decoding_pure\Debug\link.15448.write.1.tlog
E:\code_decodec\coding_decoding_pure\coding_decoding_pure\Debug\link.15448-cvtres.read.1.tlog
E:\code_decodec\coding_decoding_pure\coding_decoding_pure\Debug\link.15448-cvtres.write.1.tlog
E:\code_decodec\coding_decoding_pure\coding_decoding_pure\Debug\link.8548.read.1.tlog
E:\code_decodec\coding_decoding_pure\coding_decoding_pure\Debug\link.8548.write.1.tlog
E:\code_decodec\coding_decoding_pure\coding_decoding_pure\Debug\link.8548-cvtres.read.1.tlog
E:\code_decodec\coding_decoding_pure\coding_decoding_pure\Debug\link.8548-cvtres.write.1.tlog
E:\code_decodec\coding_decoding_pure\coding_decoding_pure\Debug\link.9412.read.1.tlog
E:\code_decodec\coding_decoding_pure\coding_decoding_pure\Debug\link.9412.write.1.tlog
E:\code_decodec\coding_decoding_pure\coding_decoding_pure\Debug\link.9412-cvtres.read.1.tlog
E:\code_decodec\coding_decoding_pure\coding_decoding_pure\Debug\link.9412-cvtres.write.1.tlog
E:\code_decodec\coding_decoding_pure\coding_decoding_pure\Debug\link.command.1.tlog
E:\code_decodec\coding_decoding_pure\coding_decoding_pure\Debug\link.read.1.tlog
E:\code_decodec\coding_decoding_pure\coding_decoding_pure\Debug\link.write.1.tlog
E:\code_decodec\coding_decoding_pure\coding_decoding_pure\Debug\link-cvtres.read.1.tlog
E:\code_decodec\coding_decoding_pure\coding_decoding_pure\Debug\link-cvtres.write.1.tlog
E:\code_decodec\coding_decoding_pure\coding_decoding_pure\Debug\mt.command.1.tlog
E:\code_decodec\coding_decoding_pure\coding_decoding_pure\Debug\mt.read.1.tlog
E:\code_decodec\coding_decoding_pure\coding_decoding_pure\Debug\mt.write.1.tlog
E:\code_decodec\coding_decoding_pure\coding_decoding_pure\Debug\rc.command.1.tlog
E:\code_decodec\coding_decoding_pure\coding_decoding_pure\Debug\rc.read.1.tlog
E:\code_decodec\coding_decoding_pure\coding_decoding_pure\Debug\rc.write.1.tlog
E:\CODE_DECODEC\CODING_DECODING_PURE\CODING_DECODING_PURE\DEBUG\STDAFX.OBJ
E:\code_decodec\coding_decoding_pure\coding_decoding_pure\Debug\vc100.idb
E:\CODE_DECODEC\CODING_DECODING_PURE\CODING_DECODING_PURE\DEBUG\VC100.PDB
E:\CODE_DECODEC\CODING_DECODING_PURE\DEBUG\CODING_DECODING_PURE.EXE
E:\CODE_DECODEC\CODING_DECODING_PURE\DEBUG\CODING_DECODING_PURE.ILK
E:\CODE_DECODEC\CODING_DECODING_PURE\DEBUG\CODING_DECODING_PURE.PDB
